<?xml version="1.0" encoding="UTF-8"?>
<!-- Generated by org.testng.reporters.JUnitReportReporter -->
<testsuite hostname="DESKTOP-OLLVM97" failures="0" tests="3" name="cucumber.Options.TestRunner" time="4.130" errors="0" timestamp="2022-10-28T18:11:23 IST" skipped="0">
  <testcase classname="cucumber.Options.TestRunner" name="runScenario" time="0.009"/>
  <system-out/>
  <testcase classname="cucumber.Options.TestRunner" name="runScenario" time="3.550"/>
  <system-out/>
  <testcase classname="cucumber.Options.TestRunner" name="runScenario" time="0.571"/>
  <system-out/>
</testsuite> <!-- cucumber.Options.TestRunner -->
